<?xml version="1.0" encoding="UTF-8" ?>
<testsuite tests="1" failures="0" name="com.tx.test.OuterbeanTest" time="0.015" errors="0" skipped="0">
  <properties>
    <property name="java.runtime.name" value="Java(TM) SE Runtime Environment"/>
    <property name="sun.boot.library.path" value="d:\Home\Apps\Java\jdk-1.8-64\jre\bin"/>
    <property name="java.vm.version" value="25.92-b14"/>
    <property name="java.vm.vendor" value="Oracle Corporation"/>
    <property name="maven.multiModuleProjectDirectory" value="d:\Home\arc\Dev\Code\poc"/>
    <property name="java.vendor.url" value="http://java.oracle.com/"/>
    <property name="path.separator" value=";"/>
    <property name="guice.disable.misplaced.annotation.check" value="true"/>
    <property name="java.vm.name" value="Java HotSpot(TM) 64-Bit Server VM"/>
    <property name="file.encoding.pkg" value="sun.io"/>
    <property name="user.script" value=""/>
    <property name="user.country" value="GB"/>
    <property name="sun.java.launcher" value="SUN_STANDARD"/>
    <property name="sun.os.patch.level" value="Service Pack 1"/>
    <property name="java.vm.specification.name" value="Java Virtual Machine Specification"/>
    <property name="user.dir" value="d:\Home\arc\Dev\Code\poc"/>
    <property name="java.runtime.version" value="1.8.0_92-b14"/>
    <property name="java.awt.graphicsenv" value="sun.awt.Win32GraphicsEnvironment"/>
    <property name="java.endorsed.dirs" value="d:\Home\Apps\Java\jdk-1.8-64\jre\lib\endorsed"/>
    <property name="os.arch" value="amd64"/>
    <property name="java.io.tmpdir" value="c:\temp\"/>
    <property name="line.separator" value="
"/>
    <property name="java.vm.specification.vendor" value="Oracle Corporation"/>
    <property name="user.variant" value=""/>
    <property name="os.name" value="Windows 7"/>
    <property name="classworlds.conf" value="d:\Home\Apps\Apache\Maven\apache-maven-3.3.9\bin\m2.conf"/>
    <property name="sun.jnu.encoding" value="Cp1252"/>
    <property name="java.library.path" value="d:\Home\Apps\Java\jdk-1.8-64\bin;C:\Windows\Sun\Java\bin;C:\Windows\system32;C:\Windows;D:\Home\Apps\ConEmu\ConEmu\Scripts;D:\Home\Apps\ConEmu;D:\Home\Apps\ConEmu\ConEmu;D:\Home\Apps\Oracle\oraclexe\app\oracle\product\11.2.0\server\bin;;D:\Home\arc\Profile\Commands;C:\Windows\system32;C:\Windows;C:\Windows\System32\Wbem;C:\Windows\System32\WindowsPowerShell\v1.0\;D:\Home\Apps\Centura;D:\Home\Apps\TortoiseSVN\bin;C:\Program Files (x86)\Common Files\Check Point\UIFramework 3.0\Bin\;C:\Program Files (x86)\CheckPoint\Endpoint Security\Endpoint Common\bin;D:\Home\Apps\MySQL\MySQL Utilities\;C:\Program Files\Novell\iPrint;D:\Home\Apps\nodejs\;D:\Home\Apps\Centera_SDK-3.3.718\lib64;d:\Home\Apps\Java\jdk-1.8-64\bin;d:\Home\Apps\Apache\Maven\apache-maven-3.3.9\bin;d:\Home\Apps\Apache\Tomcat\apache-tomcat-6.0.37\bin;D:\Home\Apps\Docker Toolbox;d:\home\apps\git\bin;D:\Home\Apps\Putty;D:\Profiles\acroker\AppData\Roaming\npm;D:\Home\Apps\JCenteraVerify-Win32Dev8-3.2.23;."/>
    <property name="java.specification.name" value="Java Platform API Specification"/>
    <property name="java.class.version" value="52.0"/>
    <property name="sun.management.compiler" value="HotSpot 64-Bit Tiered Compilers"/>
    <property name="os.version" value="6.1"/>
    <property name="user.home" value="d:\Profiles\acroker"/>
    <property name="user.timezone" value="Europe/London"/>
    <property name="java.awt.printerjob" value="sun.awt.windows.WPrinterJob"/>
    <property name="java.specification.version" value="1.8"/>
    <property name="file.encoding" value="Cp1252"/>
    <property name="user.name" value="acroker"/>
    <property name="java.class.path" value="d:\Home\Apps\Apache\Maven\apache-maven-3.3.9\boot\plexus-classworlds-2.5.2.jar"/>
    <property name="java.vm.specification.version" value="1.8"/>
    <property name="sun.arch.data.model" value="64"/>
    <property name="java.home" value="d:\Home\Apps\Java\jdk-1.8-64\jre"/>
    <property name="sun.java.command" value="org.codehaus.plexus.classworlds.launcher.Launcher clean install"/>
    <property name="java.specification.vendor" value="Oracle Corporation"/>
    <property name="user.language" value="en"/>
    <property name="awt.toolkit" value="sun.awt.windows.WToolkit"/>
    <property name="java.vm.info" value="mixed mode"/>
    <property name="java.version" value="1.8.0_92"/>
    <property name="java.ext.dirs" value="d:\Home\Apps\Java\jdk-1.8-64\jre\lib\ext;C:\Windows\Sun\Java\lib\ext"/>
    <property name="sun.boot.class.path" value="d:\Home\Apps\Java\jdk-1.8-64\jre\lib\resources.jar;d:\Home\Apps\Java\jdk-1.8-64\jre\lib\rt.jar;d:\Home\Apps\Java\jdk-1.8-64\jre\lib\sunrsasign.jar;d:\Home\Apps\Java\jdk-1.8-64\jre\lib\jsse.jar;d:\Home\Apps\Java\jdk-1.8-64\jre\lib\jce.jar;d:\Home\Apps\Java\jdk-1.8-64\jre\lib\charsets.jar;d:\Home\Apps\Java\jdk-1.8-64\jre\lib\jfr.jar;d:\Home\Apps\Java\jdk-1.8-64\jre\classes"/>
    <property name="sun.stderr.encoding" value="cp850"/>
    <property name="java.vendor" value="Oracle Corporation"/>
    <property name="maven.home" value="d:\Home\Apps\Apache\Maven\apache-maven-3.3.9"/>
    <property name="file.separator" value="\"/>
    <property name="java.vendor.url.bug" value="http://bugreport.sun.com/bugreport/"/>
    <property name="sun.cpu.endian" value="little"/>
    <property name="sun.io.unicode.encoding" value="UnicodeLittle"/>
    <property name="sun.stdout.encoding" value="cp850"/>
    <property name="sun.desktop" value="windows"/>
    <property name="sun.cpu.isalist" value="amd64"/>
  </properties>
  <testcase classname="com.tx.test.OuterbeanTest" name="testReqiresNewRollsbackSuccessfully" time="0.015"/>
</testsuite>